
 Grid spacing: 0.01
  Grid size X: 100
  Grid size Y: 100
  Grid size Z: 100
    Time step: 5e-07
 Maximum time: 0.001

  Output is disabled (not output specified)

 Source infos:

          type: sine wave
     frequency: 3400 Hz
    position x: 0.5
    position y: 0.5
    position z: 0.5

step      400/2000 (ETA:  129.866 seconds)
step      200/2000 (ETA:  146.326 seconds)
step      600/2000 (ETA:  114.148 seconds)
step      400/2000 (ETA:  129.892 seconds)
step      800/2000 (ETA:   97.976 seconds)
step      600/2000 (ETA:  113.526 seconds)
step     1000/2000 (ETA:   81.489 seconds)
step      800/2000 (ETA:   97.271 seconds)
step     1200/2000 (ETA:   65.153 seconds)
step     1000/2000 (ETA:   81.036 seconds)
step     1400/2000 (ETA:   48.957 seconds)
step     1200/2000 (ETA:   64.813 seconds)
step     1600/2000 (ETA:   32.634 seconds)
step     1400/2000 (ETA:   48.605 seconds)
step     1800/2000 (ETA:   16.303 seconds)
step     1600/2000 (ETA:   32.399 seconds)
step     2000/2000

Elapsed 163.050255 seconds (12.272 Mupdates/s)

step     1800/2000 (ETA:   16.198 seconds)
step     2000/2000

Elapsed 162.069119 seconds (12.347 Mupdates/s)

