
 Grid spacing: 0.00177
  Grid size X: 564
  Grid size Y: 564
  Grid size Z: 564
    Time step: 5e-07
 Maximum time: 0.001

  Output is disabled (not output specified)

 Source infos:

          type: sine wave
     frequency: 3400 Hz
    position x: 0.5
    position y: 0.5
    position z: 0.5

step      200/2000 (ETA:  834.605 seconds)
step      400/2000 (ETA:  742.437 seconds)
step      600/2000 (ETA:  649.585 seconds)
step      800/2000 (ETA:  557.002 seconds)
step     1000/2000 (ETA:  464.578 seconds)
step     1200/2000 (ETA:  371.868 seconds)
step     1400/2000 (ETA:  279.032 seconds)
step     1600/2000 (ETA:  186.103 seconds)
step     1800/2000 (ETA:   93.085 seconds)
step     2000/2000

Elapsed 931.500478 seconds (385.391 Mupdates/s)

