
 Grid spacing: 0.00707
  Grid size X: 141
  Grid size Y: 141
  Grid size Z: 141
    Time step: 5e-07
 Maximum time: 0.001

  Output is disabled (not output specified)

 Source infos:

          type: sine wave
     frequency: 3400 Hz
    position x: 0.5
    position y: 0.5
    position z: 0.5

step      200/2000 (ETA:  208.336 seconds)
step      400/2000 (ETA:  185.506 seconds)
step      600/2000 (ETA:  162.000 seconds)
step      800/2000 (ETA:  138.634 seconds)
step     1000/2000 (ETA:  115.405 seconds)
step     1200/2000 (ETA:   92.252 seconds)
step     1400/2000 (ETA:   69.166 seconds)
step     1600/2000 (ETA:   46.097 seconds)
step     1800/2000 (ETA:   23.046 seconds)
step     2000/2000

Elapsed 230.565203 seconds (24.328 Mupdates/s)

