
 Grid spacing: 0.005
  Grid size X: 200
  Grid size Y: 200
  Grid size Z: 200
    Time step: 5e-07
 Maximum time: 0.001

  Output is disabled (not output specified)

 Source infos:

          type: sine wave
     frequency: 3400 Hz
    position x: 0.5
    position y: 0.5
    position z: 0.5

step      200/2000 (ETA:  294.613 seconds)
step      400/2000 (ETA:  262.947 seconds)
step      600/2000 (ETA:  230.274 seconds)
step      800/2000 (ETA:  197.080 seconds)
step     1000/2000 (ETA:  163.919 seconds)
step     1200/2000 (ETA:  130.914 seconds)
step     1400/2000 (ETA:   98.096 seconds)
step     1600/2000 (ETA:   65.352 seconds)
step     1800/2000 (ETA:   32.660 seconds)
step     2000/2000

Elapsed 326.589562 seconds (49.016 Mupdates/s)

