Number of OpenMP threads: 2

 Grid spacing: 0.005
  Grid size X: 50
  Grid size Y: 100
  Grid size Z: 100
    Time step: 5e-07
 Maximum time: 0.001

  Output is disabled (not output specified)

 Source infos:

          type: sine wave
     frequency: 3400 Hz
    position x: 0.5
    position y: 0.5
    position z: 0.5

step      200/2000 (ETA:   42.436 seconds)
step      400/2000 (ETA:   38.220 seconds)
step      600/2000 (ETA:   33.186 seconds)
step      800/2000 (ETA:   28.333 seconds)
step     1000/2000 (ETA:   23.557 seconds)
step     1200/2000 (ETA:   18.819 seconds)
step     1400/2000 (ETA:   14.099 seconds)
step     1600/2000 (ETA:    9.414 seconds)
step     1800/2000 (ETA:    4.702 seconds)
step     2000/2000

Elapsed 46.988604 seconds (340.678 Mupdates/s)

