
 Grid spacing: 0.01
  Grid size X: 100
  Grid size Y: 100
  Grid size Z: 100
    Time step: 5e-07
 Maximum time: 0.001

  Output is disabled (not output specified)

 Source infos:

          type: sine wave
     frequency: 3400 Hz
    position x: 0.5
    position y: 0.5
    position z: 0.5

step      200/2000 (ETA:  143.620 seconds)
step      400/2000 (ETA:  127.498 seconds)
step      600/2000 (ETA:  111.484 seconds)
step      800/2000 (ETA:   95.523 seconds)
step     1000/2000 (ETA:   79.596 seconds)
step     1200/2000 (ETA:   63.667 seconds)
step     1400/2000 (ETA:   47.749 seconds)
step     1600/2000 (ETA:   31.835 seconds)
step     1800/2000 (ETA:   15.917 seconds)
step     2000/2000

Elapsed 159.241711 seconds (12.566 Mupdates/s)

