
 Grid spacing: 0.01
  Grid size X: 25
  Grid size Y: 50
  Grid size Z: 50
    Time step: 5e-07
 Maximum time: 0.001

     Output rate: every 200 step(s)
 Output sampling: 10000 Hz

 Output files:

      pressure: complete dump to file out_p.dat
    velocity X: complete dump to file out_vx.dat
    velocity Y: complete dump to file out_vy.dat
    velocity Z: complete dump to file out_vz.dat

 Source infos:

          type: sine wave
     frequency: 3400 Hz
    position x: 0.5
    position y: 0.5
    position z: 0.5

step      200/2000 (ETA:   10.187 seconds)
step      400/2000 (ETA:    8.840 seconds)
step      600/2000 (ETA:    7.654 seconds)
step      800/2000 (ETA:    7.041 seconds)
step     1000/2000 (ETA:    5.811 seconds)
step     1200/2000 (ETA:    4.594 seconds)
step     1400/2000 (ETA:    3.405 seconds)
step     1600/2000 (ETA:    2.251 seconds)
step     1800/2000 (ETA:    1.118 seconds)
step     2000/2000

Elapsed 11.123162 seconds (179.895 Mupdates/s)

