
 Grid spacing: 0.01
  Grid size X: 100
  Grid size Y: 100
  Grid size Z: 100
    Time step: 5e-07
 Maximum time: 0.001

     Output rate: every 200 step(s)
 Output sampling: 10000 Hz

 Output files:

      pressure: complete dump to file out_p.dat
    velocity X: complete dump to file out_vx.dat
    velocity Y: complete dump to file out_vy.dat
    velocity Z: complete dump to file out_vz.dat

 Source infos:

          type: sine wave
     frequency: 3400 Hz
    position x: 0.5
    position y: 0.5
    position z: 0.5

step      200/2000 (ETA:  159.877 seconds)
step      400/2000 (ETA:  141.554 seconds)
step      600/2000 (ETA:  123.686 seconds)
step      800/2000 (ETA:  105.929 seconds)
step     1000/2000 (ETA:   88.165 seconds)
step     1200/2000 (ETA:   70.521 seconds)
step     1400/2000 (ETA:   52.889 seconds)
step     1600/2000 (ETA:   35.256 seconds)
step     1800/2000 (ETA:   17.619 seconds)
step     2000/2000

Elapsed 176.212560 seconds (11.356 Mupdates/s)

