
 Grid spacing: 0.01
  Grid size X: 25
  Grid size Y: 25
  Grid size Z: 33
    Time step: 5e-07
 Maximum time: 0.001

     Output rate: every 200 step(s)
 Output sampling: 10000 Hz

 Output files:

      pressure: complete dump to file out_p.dat
    velocity X: complete dump to file out_vx.dat
    velocity Y: complete dump to file out_vy.dat
    velocity Z: complete dump to file out_vz.dat

 Source infos:

          type: sine wave
     frequency: 3400 Hz
    position x: 0.5
    position y: 0.5
    position z: 0.5

step      200/2000 (ETA:    4.173 seconds)
step      400/2000 (ETA:    3.493 seconds)
step      600/2000 (ETA:    2.992 seconds)
step      800/2000 (ETA:    2.537 seconds)
step     1000/2000 (ETA:    2.167 seconds)
step     1200/2000 (ETA:    1.717 seconds)
step     1400/2000 (ETA:    1.279 seconds)
step     1600/2000 (ETA:    0.849 seconds)
step     1800/2000 (ETA:    0.423 seconds)
step     2000/2000

Elapsed 4.214017 seconds (474.844 Mupdates/s)

