
 Grid spacing: 0.01
  Grid size X: 50
  Grid size Y: 50
  Grid size Z: 50
    Time step: 5e-07
 Maximum time: 0.001

     Output rate: every 200 step(s)
 Output sampling: 10000 Hz

 Output files:

      pressure: complete dump to file out_p.dat
    velocity X: complete dump to file out_vx.dat
    velocity Y: complete dump to file out_vy.dat
    velocity Z: complete dump to file out_vz.dat

 Source infos:

          type: sine wave
     frequency: 3400 Hz
    position x: 0.5
    position y: 0.5
    position z: 0.5

step      200/2000 (ETA:   19.071 seconds)
step      400/2000 (ETA:   16.736 seconds)
step      600/2000 (ETA:   14.580 seconds)
step      800/2000 (ETA:   12.468 seconds)
step     1000/2000 (ETA:   10.376 seconds)
step     1200/2000 (ETA:    8.294 seconds)
step     1400/2000 (ETA:    6.216 seconds)
step     1600/2000 (ETA:    4.142 seconds)
step     1800/2000 (ETA:    2.070 seconds)
step     2000/2000

Elapsed 20.707425 seconds (96.632 Mupdates/s)

