Number of OpenMP threads: 2

 Grid spacing: 0.01
  Grid size X: 25
  Grid size Y: 25
  Grid size Z: 50
    Time step: 5e-07
 Maximum time: 0.001

     Output rate: every 200 step(s)
 Output sampling: 10000 Hz

 Output files:

      pressure: complete dump to file out_p.dat
    velocity X: complete dump to file out_vx.dat
    velocity Y: complete dump to file out_vy.dat
    velocity Z: complete dump to file out_vz.dat

 Source infos:

          type: sine wave
     frequency: 3400 Hz
    position x: 0.5
    position y: 0.5
    position z: 0.5

step      200/2000 (ETA:  212.372 seconds)
step      400/2000 (ETA:  199.702 seconds)
step      600/2000 (ETA:  162.356 seconds)
step      800/2000 (ETA:  139.895 seconds)
step     1000/2000 (ETA:  117.759 seconds)
step     1200/2000 (ETA:   95.168 seconds)
step     1400/2000 (ETA:   73.606 seconds)
step     1600/2000 (ETA:   48.875 seconds)
step     1800/2000 (ETA:   24.352 seconds)
step     2000/2000

Elapsed 241.544599 seconds (8.284 Mupdates/s)

